{"/home/felipe/IFX Prueba/Back/src/app.js": {"path":"/home/felipe/IFX Prueba/Back/src/app.js","statementMap":{"0":{"start":{"line":1,"column":20},"end":{"line":1,"column":40}},"1":{"start":{"line":3,"column":16},"end":{"line":3,"column":34}},"2":{"start":{"line":4,"column":8},"end":{"line":4,"column":17}},"3":{"start":{"line":5,"column":15},"end":{"line":5,"column":37}},"4":{"start":{"line":6,"column":9},"end":{"line":6,"column":24}},"5":{"start":{"line":7,"column":11},"end":{"line":7,"column":28}},"6":{"start":{"line":9,"column":0},"end":{"line":9,"column":16}},"7":{"start":{"line":10,"column":0},"end":{"line":10,"column":27}},"8":{"start":{"line":11,"column":0},"end":{"line":11,"column":24}},"9":{"start":{"line":13,"column":0},"end":{"line":13,"column":24}},"10":{"start":{"line":14,"column":0},"end":{"line":14,"column":51}},"11":{"start":{"line":15,"column":0},"end":{"line":15,"column":42}},"12":{"start":{"line":16,"column":0},"end":{"line":16,"column":34}},"13":{"start":{"line":18,"column":0},"end":{"line":18,"column":50}},"14":{"start":{"line":19,"column":0},"end":{"line":19,"column":58}},"15":{"start":{"line":20,"column":0},"end":{"line":20,"column":64}},"16":{"start":{"line":21,"column":0},"end":{"line":21,"column":48}},"17":{"start":{"line":23,"column":0},"end":{"line":23,"column":21}}},"fnMap":{},"branchMap":{},"s":{"0":4,"1":4,"2":4,"3":4,"4":4,"5":4,"6":4,"7":4,"8":4,"9":4,"10":4,"11":4,"12":4,"13":4,"14":4,"15":4,"16":4,"17":4},"f":{},"b":{},"_coverageSchema":"1a1c01bbd47fc00a2c39e90264f33305004495a9","hash":"236a219c83751011a9ccebeb2c47ddede1ddd968"}
,"/home/felipe/IFX Prueba/Back/src/swagger.js": {"path":"/home/felipe/IFX Prueba/Back/src/swagger.js","statementMap":{"0":{"start":{"line":1,"column":21},"end":{"line":1,"column":45}},"1":{"start":{"line":2,"column":18},"end":{"line":2,"column":47}},"2":{"start":{"line":4,"column":16},"end":{"line":23,"column":1}},"3":{"start":{"line":25,"column":20},"end":{"line":25,"column":41}},"4":{"start":{"line":27,"column":20},"end":{"line":35,"column":1}},"5":{"start":{"line":28,"column":2},"end":{"line":28,"column":70}},"6":{"start":{"line":29,"column":2},"end":{"line":32,"column":5}},"7":{"start":{"line":30,"column":4},"end":{"line":30,"column":54}},"8":{"start":{"line":31,"column":4},"end":{"line":31,"column":26}},"9":{"start":{"line":34,"column":2},"end":{"line":34,"column":90}},"10":{"start":{"line":37,"column":0},"end":{"line":37,"column":29}}},"fnMap":{"0":{"name":"(anonymous_0)","decl":{"start":{"line":27,"column":20},"end":{"line":27,"column":21}},"loc":{"start":{"line":27,"column":35},"end":{"line":35,"column":1}},"line":27},"1":{"name":"(anonymous_1)","decl":{"start":{"line":29,"column":28},"end":{"line":29,"column":29}},"loc":{"start":{"line":29,"column":42},"end":{"line":32,"column":3}},"line":29}},"branchMap":{},"s":{"0":4,"1":4,"2":4,"3":4,"4":4,"5":0,"6":0,"7":0,"8":0,"9":0,"10":4},"f":{"0":0,"1":0},"b":{},"_coverageSchema":"1a1c01bbd47fc00a2c39e90264f33305004495a9","hash":"357936f7b0dcbb563f95cfdfbcce6361cd8898eb"}
,"/home/felipe/IFX Prueba/Back/src/utilities.js": {"path":"/home/felipe/IFX Prueba/Back/src/utilities.js","statementMap":{"0":{"start":{"line":1,"column":12},"end":{"line":1,"column":28}},"1":{"start":{"line":2,"column":12},"end":{"line":2,"column":35}},"2":{"start":{"line":3,"column":18},"end":{"line":3,"column":20}},"3":{"start":{"line":4,"column":25},"end":{"line":14,"column":1}},"4":{"start":{"line":16,"column":0},"end":{"line":24,"column":2}},"5":{"start":{"line":17,"column":2},"end":{"line":23,"column":3}},"6":{"start":{"line":18,"column":4},"end":{"line":18,"column":40}},"7":{"start":{"line":19,"column":19},"end":{"line":19,"column":41}},"8":{"start":{"line":20,"column":4},"end":{"line":20,"column":38}},"9":{"start":{"line":22,"column":4},"end":{"line":22,"column":21}},"10":{"start":{"line":26,"column":0},"end":{"line":43,"column":2}},"11":{"start":{"line":28,"column":2},"end":{"line":42,"column":3}},"12":{"start":{"line":29,"column":4},"end":{"line":29,"column":40}},"13":{"start":{"line":30,"column":4},"end":{"line":30,"column":40}},"14":{"start":{"line":31,"column":4},"end":{"line":31,"column":30}},"15":{"start":{"line":32,"column":4},"end":{"line":34,"column":5}},"16":{"start":{"line":33,"column":6},"end":{"line":33,"column":47}},"17":{"start":{"line":35,"column":4},"end":{"line":35,"column":31}},"18":{"start":{"line":36,"column":4},"end":{"line":36,"column":45}},"19":{"start":{"line":38,"column":4},"end":{"line":38,"column":28}},"20":{"start":{"line":39,"column":4},"end":{"line":39,"column":21}},"21":{"start":{"line":41,"column":4},"end":{"line":41,"column":16}},"22":{"start":{"line":45,"column":0},"end":{"line":58,"column":2}},"23":{"start":{"line":46,"column":16},"end":{"line":56,"column":3}},"24":{"start":{"line":57,"column":2},"end":{"line":57,"column":15}},"25":{"start":{"line":60,"column":0},"end":{"line":76,"column":2}},"26":{"start":{"line":61,"column":2},"end":{"line":75,"column":3}},"27":{"start":{"line":62,"column":20},"end":{"line":62,"column":61}},"28":{"start":{"line":63,"column":4},"end":{"line":71,"column":5}},"29":{"start":{"line":64,"column":6},"end":{"line":70,"column":8}},"30":{"start":{"line":72,"column":4},"end":{"line":72,"column":19}},"31":{"start":{"line":74,"column":4},"end":{"line":74,"column":80}},"32":{"start":{"line":78,"column":0},"end":{"line":78,"column":27}}},"fnMap":{"0":{"name":"(anonymous_0)","decl":{"start":{"line":16,"column":25},"end":{"line":16,"column":26}},"loc":{"start":{"line":16,"column":47},"end":{"line":24,"column":1}},"line":16},"1":{"name":"(anonymous_1)","decl":{"start":{"line":26,"column":31},"end":{"line":26,"column":32}},"loc":{"start":{"line":26,"column":54},"end":{"line":43,"column":1}},"line":26},"2":{"name":"(anonymous_2)","decl":{"start":{"line":45,"column":26},"end":{"line":45,"column":27}},"loc":{"start":{"line":45,"column":40},"end":{"line":58,"column":1}},"line":45},"3":{"name":"(anonymous_3)","decl":{"start":{"line":60,"column":29},"end":{"line":60,"column":30}},"loc":{"start":{"line":60,"column":40},"end":{"line":76,"column":1}},"line":60}},"branchMap":{"0":{"loc":{"start":{"line":20,"column":11},"end":{"line":20,"column":37}},"type":"binary-expr","locations":[{"start":{"line":20,"column":11},"end":{"line":20,"column":27}},{"start":{"line":20,"column":31},"end":{"line":20,"column":37}}],"line":20},"1":{"loc":{"start":{"line":63,"column":4},"end":{"line":71,"column":5}},"type":"if","locations":[{"start":{"line":63,"column":4},"end":{"line":71,"column":5}},{"start":{},"end":{}}],"line":63}},"s":{"0":4,"1":4,"2":4,"3":4,"4":4,"5":25,"6":25,"7":25,"8":25,"9":0,"10":4,"11":0,"12":0,"13":0,"14":0,"15":0,"16":0,"17":0,"18":0,"19":0,"20":0,"21":0,"22":4,"23":1,"24":1,"25":4,"26":17,"27":17,"28":14,"29":4,"30":10,"31":3,"32":4},"f":{"0":25,"1":0,"2":1,"3":17},"b":{"0":[25,9],"1":[4,10]},"_coverageSchema":"1a1c01bbd47fc00a2c39e90264f33305004495a9","hash":"623757731a29fb41cb319b8f39e184e28c4493ad"}
,"/home/felipe/IFX Prueba/Back/src/controllers/auth.controller.js": {"path":"/home/felipe/IFX Prueba/Back/src/controllers/auth.controller.js","statementMap":{"0":{"start":{"line":1,"column":18},"end":{"line":1,"column":41}},"1":{"start":{"line":2,"column":19},"end":{"line":2,"column":21}},"2":{"start":{"line":4,"column":0},"end":{"line":18,"column":2}},"3":{"start":{"line":5,"column":34},"end":{"line":5,"column":42}},"4":{"start":{"line":6,"column":19},"end":{"line":8,"column":3}},"5":{"start":{"line":9,"column":2},"end":{"line":15,"column":3}},"6":{"start":{"line":10,"column":4},"end":{"line":10,"column":65}},"7":{"start":{"line":11,"column":4},"end":{"line":11,"column":11}},"8":{"start":{"line":12,"column":9},"end":{"line":15,"column":3}},"9":{"start":{"line":13,"column":4},"end":{"line":13,"column":62}},"10":{"start":{"line":14,"column":4},"end":{"line":14,"column":11}},"11":{"start":{"line":16,"column":16},"end":{"line":16,"column":74}},"12":{"start":{"line":17,"column":2},"end":{"line":17,"column":41}},"13":{"start":{"line":20,"column":0},"end":{"line":20,"column":28}}},"fnMap":{"0":{"name":"(anonymous_0)","decl":{"start":{"line":4,"column":19},"end":{"line":4,"column":20}},"loc":{"start":{"line":4,"column":39},"end":{"line":18,"column":1}},"line":4}},"branchMap":{"0":{"loc":{"start":{"line":9,"column":2},"end":{"line":15,"column":3}},"type":"if","locations":[{"start":{"line":9,"column":2},"end":{"line":15,"column":3}},{"start":{"line":12,"column":9},"end":{"line":15,"column":3}}],"line":9},"1":{"loc":{"start":{"line":12,"column":9},"end":{"line":15,"column":3}},"type":"if","locations":[{"start":{"line":12,"column":9},"end":{"line":15,"column":3}},{"start":{},"end":{}}],"line":12}},"s":{"0":4,"1":4,"2":4,"3":3,"4":3,"5":3,"6":0,"7":0,"8":3,"9":2,"10":2,"11":1,"12":1,"13":4},"f":{"0":3},"b":{"0":[0,3],"1":[2,1]},"_coverageSchema":"1a1c01bbd47fc00a2c39e90264f33305004495a9","hash":"66ae637cb3cb17cfe75db54a08b47911884128a2"}
,"/home/felipe/IFX Prueba/Back/src/controllers/empleado.controller.js": {"path":"/home/felipe/IFX Prueba/Back/src/controllers/empleado.controller.js","statementMap":{"0":{"start":{"line":1,"column":18},"end":{"line":1,"column":41}},"1":{"start":{"line":2,"column":19},"end":{"line":2,"column":21}},"2":{"start":{"line":4,"column":0},"end":{"line":32,"column":2}},"3":{"start":{"line":5,"column":23},"end":{"line":5,"column":81}},"4":{"start":{"line":6,"column":2},"end":{"line":9,"column":3}},"5":{"start":{"line":7,"column":4},"end":{"line":7,"column":70}},"6":{"start":{"line":8,"column":4},"end":{"line":8,"column":11}},"7":{"start":{"line":10,"column":16},"end":{"line":10,"column":67}},"8":{"start":{"line":11,"column":2},"end":{"line":14,"column":3}},"9":{"start":{"line":12,"column":4},"end":{"line":12,"column":63}},"10":{"start":{"line":13,"column":4},"end":{"line":13,"column":11}},"11":{"start":{"line":15,"column":20},"end":{"line":15,"column":75}},"12":{"start":{"line":16,"column":2},"end":{"line":22,"column":3}},"13":{"start":{"line":17,"column":4},"end":{"line":17,"column":67}},"14":{"start":{"line":18,"column":4},"end":{"line":18,"column":11}},"15":{"start":{"line":19,"column":9},"end":{"line":22,"column":3}},"16":{"start":{"line":20,"column":4},"end":{"line":20,"column":63}},"17":{"start":{"line":21,"column":4},"end":{"line":21,"column":11}},"18":{"start":{"line":23,"column":2},"end":{"line":30,"column":5}},"19":{"start":{"line":24,"column":4},"end":{"line":26,"column":6}},"20":{"start":{"line":25,"column":23},"end":{"line":25,"column":77}},"21":{"start":{"line":27,"column":4},"end":{"line":27,"column":35}},"22":{"start":{"line":28,"column":4},"end":{"line":28,"column":68}},"23":{"start":{"line":28,"column":39},"end":{"line":28,"column":66}},"24":{"start":{"line":29,"column":4},"end":{"line":29,"column":31}},"25":{"start":{"line":31,"column":2},"end":{"line":31,"column":34}},"26":{"start":{"line":34,"column":0},"end":{"line":59,"column":2}},"27":{"start":{"line":35,"column":17},"end":{"line":35,"column":27}},"28":{"start":{"line":36,"column":19},"end":{"line":38,"column":3}},"29":{"start":{"line":39,"column":2},"end":{"line":45,"column":3}},"30":{"start":{"line":40,"column":4},"end":{"line":40,"column":66}},"31":{"start":{"line":41,"column":4},"end":{"line":41,"column":11}},"32":{"start":{"line":42,"column":9},"end":{"line":45,"column":3}},"33":{"start":{"line":43,"column":4},"end":{"line":43,"column":63}},"34":{"start":{"line":44,"column":4},"end":{"line":44,"column":11}},"35":{"start":{"line":46,"column":22},"end":{"line":48,"column":3}},"36":{"start":{"line":49,"column":2},"end":{"line":52,"column":3}},"37":{"start":{"line":50,"column":4},"end":{"line":50,"column":69}},"38":{"start":{"line":51,"column":4},"end":{"line":51,"column":11}},"39":{"start":{"line":53,"column":2},"end":{"line":53,"column":43}},"40":{"start":{"line":54,"column":2},"end":{"line":54,"column":36}},"41":{"start":{"line":55,"column":14},"end":{"line":55,"column":99}},"42":{"start":{"line":56,"column":2},"end":{"line":56,"column":27}},"43":{"start":{"line":57,"column":2},"end":{"line":57,"column":32}},"44":{"start":{"line":58,"column":2},"end":{"line":58,"column":24}},"45":{"start":{"line":61,"column":0},"end":{"line":99,"column":2}},"46":{"start":{"line":62,"column":70},"end":{"line":62,"column":78}},"47":{"start":{"line":63,"column":2},"end":{"line":66,"column":3}},"48":{"start":{"line":64,"column":4},"end":{"line":64,"column":53}},"49":{"start":{"line":65,"column":4},"end":{"line":65,"column":11}},"50":{"start":{"line":67,"column":27},"end":{"line":69,"column":3}},"51":{"start":{"line":70,"column":2},"end":{"line":76,"column":3}},"52":{"start":{"line":71,"column":4},"end":{"line":71,"column":51}},"53":{"start":{"line":72,"column":4},"end":{"line":74,"column":83}},"54":{"start":{"line":75,"column":4},"end":{"line":75,"column":11}},"55":{"start":{"line":77,"column":27},"end":{"line":79,"column":3}},"56":{"start":{"line":80,"column":2},"end":{"line":89,"column":3}},"57":{"start":{"line":81,"column":4},"end":{"line":81,"column":51}},"58":{"start":{"line":82,"column":4},"end":{"line":82,"column":68}},"59":{"start":{"line":83,"column":4},"end":{"line":83,"column":11}},"60":{"start":{"line":84,"column":9},"end":{"line":89,"column":3}},"61":{"start":{"line":85,"column":4},"end":{"line":85,"column":56}},"62":{"start":{"line":87,"column":4},"end":{"line":87,"column":61}},"63":{"start":{"line":88,"column":4},"end":{"line":88,"column":11}},"64":{"start":{"line":90,"column":19},"end":{"line":92,"column":3}},"65":{"start":{"line":93,"column":2},"end":{"line":97,"column":3}},"66":{"start":{"line":94,"column":4},"end":{"line":94,"column":43}},"67":{"start":{"line":95,"column":4},"end":{"line":95,"column":68}},"68":{"start":{"line":96,"column":4},"end":{"line":96,"column":11}},"69":{"start":{"line":98,"column":2},"end":{"line":98,"column":58}},"70":{"start":{"line":101,"column":0},"end":{"line":121,"column":2}},"71":{"start":{"line":102,"column":27},"end":{"line":104,"column":3}},"72":{"start":{"line":105,"column":2},"end":{"line":110,"column":3}},"73":{"start":{"line":106,"column":4},"end":{"line":108,"column":83}},"74":{"start":{"line":109,"column":4},"end":{"line":109,"column":11}},"75":{"start":{"line":111,"column":17},"end":{"line":111,"column":27}},"76":{"start":{"line":112,"column":19},"end":{"line":112,"column":98}},"77":{"start":{"line":113,"column":2},"end":{"line":119,"column":3}},"78":{"start":{"line":114,"column":4},"end":{"line":114,"column":67}},"79":{"start":{"line":115,"column":4},"end":{"line":115,"column":11}},"80":{"start":{"line":116,"column":9},"end":{"line":119,"column":3}},"81":{"start":{"line":117,"column":4},"end":{"line":117,"column":63}},"82":{"start":{"line":118,"column":4},"end":{"line":118,"column":11}},"83":{"start":{"line":120,"column":2},"end":{"line":120,"column":45}},"84":{"start":{"line":123,"column":0},"end":{"line":157,"column":2}},"85":{"start":{"line":124,"column":17},"end":{"line":124,"column":27}},"86":{"start":{"line":125,"column":72},"end":{"line":125,"column":80}},"87":{"start":{"line":126,"column":2},"end":{"line":129,"column":3}},"88":{"start":{"line":127,"column":4},"end":{"line":127,"column":53}},"89":{"start":{"line":128,"column":4},"end":{"line":128,"column":11}},"90":{"start":{"line":130,"column":27},"end":{"line":132,"column":3}},"91":{"start":{"line":133,"column":2},"end":{"line":138,"column":3}},"92":{"start":{"line":134,"column":4},"end":{"line":136,"column":83}},"93":{"start":{"line":137,"column":4},"end":{"line":137,"column":11}},"94":{"start":{"line":139,"column":14},"end":{"line":139,"column":37}},"95":{"start":{"line":140,"column":2},"end":{"line":140,"column":48}},"96":{"start":{"line":140,"column":14},"end":{"line":140,"column":48}},"97":{"start":{"line":141,"column":2},"end":{"line":141,"column":54}},"98":{"start":{"line":141,"column":16},"end":{"line":141,"column":54}},"99":{"start":{"line":142,"column":2},"end":{"line":142,"column":39}},"100":{"start":{"line":142,"column":11},"end":{"line":142,"column":39}},"101":{"start":{"line":143,"column":2},"end":{"line":143,"column":68}},"102":{"start":{"line":143,"column":21},"end":{"line":143,"column":68}},"103":{"start":{"line":144,"column":2},"end":{"line":144,"column":51}},"104":{"start":{"line":144,"column":15},"end":{"line":144,"column":51}},"105":{"start":{"line":145,"column":2},"end":{"line":145,"column":60}},"106":{"start":{"line":145,"column":18},"end":{"line":145,"column":60}},"107":{"start":{"line":146,"column":2},"end":{"line":146,"column":29}},"108":{"start":{"line":147,"column":2},"end":{"line":147,"column":40}},"109":{"start":{"line":148,"column":19},"end":{"line":148,"column":54}},"110":{"start":{"line":149,"column":2},"end":{"line":155,"column":3}},"111":{"start":{"line":150,"column":4},"end":{"line":150,"column":69}},"112":{"start":{"line":151,"column":4},"end":{"line":151,"column":11}},"113":{"start":{"line":152,"column":9},"end":{"line":155,"column":3}},"114":{"start":{"line":153,"column":4},"end":{"line":153,"column":63}},"115":{"start":{"line":154,"column":4},"end":{"line":154,"column":11}},"116":{"start":{"line":156,"column":2},"end":{"line":156,"column":47}},"117":{"start":{"line":159,"column":0},"end":{"line":159,"column":28}}},"fnMap":{"0":{"name":"(anonymous_0)","decl":{"start":{"line":4,"column":26},"end":{"line":4,"column":27}},"loc":{"start":{"line":4,"column":46},"end":{"line":32,"column":1}},"line":4},"1":{"name":"(anonymous_1)","decl":{"start":{"line":23,"column":16},"end":{"line":23,"column":17}},"loc":{"start":{"line":23,"column":30},"end":{"line":30,"column":3}},"line":23},"2":{"name":"(anonymous_2)","decl":{"start":{"line":25,"column":6},"end":{"line":25,"column":7}},"loc":{"start":{"line":25,"column":23},"end":{"line":25,"column":77}},"line":25},"3":{"name":"(anonymous_3)","decl":{"start":{"line":28,"column":30},"end":{"line":28,"column":31}},"loc":{"start":{"line":28,"column":39},"end":{"line":28,"column":66}},"line":28},"4":{"name":"(anonymous_4)","decl":{"start":{"line":34,"column":25},"end":{"line":34,"column":26}},"loc":{"start":{"line":34,"column":45},"end":{"line":59,"column":1}},"line":34},"5":{"name":"(anonymous_5)","decl":{"start":{"line":61,"column":28},"end":{"line":61,"column":29}},"loc":{"start":{"line":61,"column":48},"end":{"line":99,"column":1}},"line":61},"6":{"name":"(anonymous_6)","decl":{"start":{"line":101,"column":28},"end":{"line":101,"column":29}},"loc":{"start":{"line":101,"column":48},"end":{"line":121,"column":1}},"line":101},"7":{"name":"(anonymous_7)","decl":{"start":{"line":123,"column":28},"end":{"line":123,"column":29}},"loc":{"start":{"line":123,"column":48},"end":{"line":157,"column":1}},"line":123}},"branchMap":{"0":{"loc":{"start":{"line":6,"column":2},"end":{"line":9,"column":3}},"type":"if","locations":[{"start":{"line":6,"column":2},"end":{"line":9,"column":3}},{"start":{},"end":{}}],"line":6},"1":{"loc":{"start":{"line":11,"column":2},"end":{"line":14,"column":3}},"type":"if","locations":[{"start":{"line":11,"column":2},"end":{"line":14,"column":3}},{"start":{},"end":{}}],"line":11},"2":{"loc":{"start":{"line":16,"column":2},"end":{"line":22,"column":3}},"type":"if","locations":[{"start":{"line":16,"column":2},"end":{"line":22,"column":3}},{"start":{"line":19,"column":9},"end":{"line":22,"column":3}}],"line":16},"3":{"loc":{"start":{"line":19,"column":9},"end":{"line":22,"column":3}},"type":"if","locations":[{"start":{"line":19,"column":9},"end":{"line":22,"column":3}},{"start":{},"end":{}}],"line":19},"4":{"loc":{"start":{"line":39,"column":2},"end":{"line":45,"column":3}},"type":"if","locations":[{"start":{"line":39,"column":2},"end":{"line":45,"column":3}},{"start":{"line":42,"column":9},"end":{"line":45,"column":3}}],"line":39},"5":{"loc":{"start":{"line":42,"column":9},"end":{"line":45,"column":3}},"type":"if","locations":[{"start":{"line":42,"column":9},"end":{"line":45,"column":3}},{"start":{},"end":{}}],"line":42},"6":{"loc":{"start":{"line":49,"column":2},"end":{"line":52,"column":3}},"type":"if","locations":[{"start":{"line":49,"column":2},"end":{"line":52,"column":3}},{"start":{},"end":{}}],"line":49},"7":{"loc":{"start":{"line":63,"column":2},"end":{"line":66,"column":3}},"type":"if","locations":[{"start":{"line":63,"column":2},"end":{"line":66,"column":3}},{"start":{},"end":{}}],"line":63},"8":{"loc":{"start":{"line":63,"column":6},"end":{"line":63,"column":77}},"type":"binary-expr","locations":[{"start":{"line":63,"column":6},"end":{"line":63,"column":13}},{"start":{"line":63,"column":17},"end":{"line":63,"column":26}},{"start":{"line":63,"column":30},"end":{"line":63,"column":38}},{"start":{"line":63,"column":42},"end":{"line":63,"column":53}},{"start":{"line":63,"column":57},"end":{"line":63,"column":61}},{"start":{"line":63,"column":65},"end":{"line":63,"column":77}}],"line":63},"9":{"loc":{"start":{"line":68,"column":4},"end":{"line":68,"column":50}},"type":"binary-expr","locations":[{"start":{"line":68,"column":4},"end":{"line":68,"column":44}},{"start":{"line":68,"column":48},"end":{"line":68,"column":50}}],"line":68},"10":{"loc":{"start":{"line":70,"column":2},"end":{"line":76,"column":3}},"type":"if","locations":[{"start":{"line":70,"column":2},"end":{"line":76,"column":3}},{"start":{},"end":{}}],"line":70},"11":{"loc":{"start":{"line":80,"column":2},"end":{"line":89,"column":3}},"type":"if","locations":[{"start":{"line":80,"column":2},"end":{"line":89,"column":3}},{"start":{"line":84,"column":9},"end":{"line":89,"column":3}}],"line":80},"12":{"loc":{"start":{"line":84,"column":9},"end":{"line":89,"column":3}},"type":"if","locations":[{"start":{"line":84,"column":9},"end":{"line":89,"column":3}},{"start":{},"end":{}}],"line":84},"13":{"loc":{"start":{"line":93,"column":2},"end":{"line":97,"column":3}},"type":"if","locations":[{"start":{"line":93,"column":2},"end":{"line":97,"column":3}},{"start":{},"end":{}}],"line":93},"14":{"loc":{"start":{"line":103,"column":4},"end":{"line":103,"column":50}},"type":"binary-expr","locations":[{"start":{"line":103,"column":4},"end":{"line":103,"column":44}},{"start":{"line":103,"column":48},"end":{"line":103,"column":50}}],"line":103},"15":{"loc":{"start":{"line":105,"column":2},"end":{"line":110,"column":3}},"type":"if","locations":[{"start":{"line":105,"column":2},"end":{"line":110,"column":3}},{"start":{},"end":{}}],"line":105},"16":{"loc":{"start":{"line":113,"column":2},"end":{"line":119,"column":3}},"type":"if","locations":[{"start":{"line":113,"column":2},"end":{"line":119,"column":3}},{"start":{"line":116,"column":9},"end":{"line":119,"column":3}}],"line":113},"17":{"loc":{"start":{"line":116,"column":9},"end":{"line":119,"column":3}},"type":"if","locations":[{"start":{"line":116,"column":9},"end":{"line":119,"column":3}},{"start":{},"end":{}}],"line":116},"18":{"loc":{"start":{"line":126,"column":2},"end":{"line":129,"column":3}},"type":"if","locations":[{"start":{"line":126,"column":2},"end":{"line":129,"column":3}},{"start":{},"end":{}}],"line":126},"19":{"loc":{"start":{"line":126,"column":6},"end":{"line":126,"column":79}},"type":"binary-expr","locations":[{"start":{"line":126,"column":6},"end":{"line":126,"column":13}},{"start":{"line":126,"column":17},"end":{"line":126,"column":26}},{"start":{"line":126,"column":30},"end":{"line":126,"column":38}},{"start":{"line":126,"column":42},"end":{"line":126,"column":53}},{"start":{"line":126,"column":57},"end":{"line":126,"column":61}},{"start":{"line":126,"column":65},"end":{"line":126,"column":79}}],"line":126},"20":{"loc":{"start":{"line":131,"column":4},"end":{"line":131,"column":50}},"type":"binary-expr","locations":[{"start":{"line":131,"column":4},"end":{"line":131,"column":44}},{"start":{"line":131,"column":48},"end":{"line":131,"column":50}}],"line":131},"21":{"loc":{"start":{"line":133,"column":2},"end":{"line":138,"column":3}},"type":"if","locations":[{"start":{"line":133,"column":2},"end":{"line":138,"column":3}},{"start":{},"end":{}}],"line":133},"22":{"loc":{"start":{"line":140,"column":2},"end":{"line":140,"column":48}},"type":"if","locations":[{"start":{"line":140,"column":2},"end":{"line":140,"column":48}},{"start":{},"end":{}}],"line":140},"23":{"loc":{"start":{"line":141,"column":2},"end":{"line":141,"column":54}},"type":"if","locations":[{"start":{"line":141,"column":2},"end":{"line":141,"column":54}},{"start":{},"end":{}}],"line":141},"24":{"loc":{"start":{"line":142,"column":2},"end":{"line":142,"column":39}},"type":"if","locations":[{"start":{"line":142,"column":2},"end":{"line":142,"column":39}},{"start":{},"end":{}}],"line":142},"25":{"loc":{"start":{"line":143,"column":2},"end":{"line":143,"column":68}},"type":"if","locations":[{"start":{"line":143,"column":2},"end":{"line":143,"column":68}},{"start":{},"end":{}}],"line":143},"26":{"loc":{"start":{"line":144,"column":2},"end":{"line":144,"column":51}},"type":"if","locations":[{"start":{"line":144,"column":2},"end":{"line":144,"column":51}},{"start":{},"end":{}}],"line":144},"27":{"loc":{"start":{"line":145,"column":2},"end":{"line":145,"column":60}},"type":"if","locations":[{"start":{"line":145,"column":2},"end":{"line":145,"column":60}},{"start":{},"end":{}}],"line":145},"28":{"loc":{"start":{"line":149,"column":2},"end":{"line":155,"column":3}},"type":"if","locations":[{"start":{"line":149,"column":2},"end":{"line":155,"column":3}},{"start":{"line":152,"column":9},"end":{"line":155,"column":3}}],"line":149},"29":{"loc":{"start":{"line":152,"column":9},"end":{"line":155,"column":3}},"type":"if","locations":[{"start":{"line":152,"column":9},"end":{"line":155,"column":3}},{"start":{},"end":{}}],"line":152}},"s":{"0":4,"1":4,"2":4,"3":1,"4":1,"5":0,"6":0,"7":1,"8":1,"9":0,"10":0,"11":1,"12":1,"13":0,"14":0,"15":1,"16":0,"17":0,"18":1,"19":6,"20":9,"21":6,"22":6,"23":9,"24":6,"25":1,"26":4,"27":2,"28":2,"29":2,"30":0,"31":0,"32":2,"33":1,"34":1,"35":1,"36":1,"37":0,"38":0,"39":1,"40":1,"41":1,"42":1,"43":1,"44":1,"45":4,"46":7,"47":7,"48":2,"49":2,"50":5,"51":5,"52":3,"53":3,"54":3,"55":2,"56":2,"57":0,"58":0,"59":0,"60":2,"61":1,"62":1,"63":1,"64":1,"65":1,"66":0,"67":0,"68":0,"69":1,"70":4,"71":3,"72":3,"73":1,"74":1,"75":2,"76":2,"77":2,"78":0,"79":0,"80":2,"81":1,"82":1,"83":1,"84":4,"85":3,"86":3,"87":3,"88":1,"89":1,"90":2,"91":2,"92":1,"93":1,"94":1,"95":1,"96":1,"97":1,"98":1,"99":1,"100":1,"101":1,"102":0,"103":1,"104":1,"105":1,"106":1,"107":1,"108":1,"109":1,"110":1,"111":0,"112":0,"113":1,"114":0,"115":0,"116":1,"117":4},"f":{"0":1,"1":6,"2":9,"3":9,"4":2,"5":7,"6":3,"7":3},"b":{"0":[0,1],"1":[0,1],"2":[0,1],"3":[0,1],"4":[0,2],"5":[1,1],"6":[0,1],"7":[2,5],"8":[7,6,6,6,6,6],"9":[5,1],"10":[3,2],"11":[0,2],"12":[1,1],"13":[0,1],"14":[3,0],"15":[1,2],"16":[0,2],"17":[1,1],"18":[1,2],"19":[3,1,1,1,1,1],"20":[2,0],"21":[1,1],"22":[1,0],"23":[1,0],"24":[1,0],"25":[0,1],"26":[1,0],"27":[1,0],"28":[0,1],"29":[0,1]},"_coverageSchema":"1a1c01bbd47fc00a2c39e90264f33305004495a9","hash":"787be640480f7e2d2f785aefb86dc4733bdaaa05"}
,"/home/felipe/IFX Prueba/Back/src/controllers/rol.controller.js": {"path":"/home/felipe/IFX Prueba/Back/src/controllers/rol.controller.js","statementMap":{"0":{"start":{"line":1,"column":18},"end":{"line":1,"column":41}},"1":{"start":{"line":2,"column":19},"end":{"line":2,"column":21}},"2":{"start":{"line":4,"column":0},"end":{"line":11,"column":2}},"3":{"start":{"line":5,"column":16},"end":{"line":5,"column":67}},"4":{"start":{"line":6,"column":2},"end":{"line":9,"column":3}},"5":{"start":{"line":7,"column":4},"end":{"line":7,"column":63}},"6":{"start":{"line":8,"column":4},"end":{"line":8,"column":11}},"7":{"start":{"line":10,"column":2},"end":{"line":10,"column":18}},"8":{"start":{"line":13,"column":0},"end":{"line":13,"column":28}}},"fnMap":{"0":{"name":"(anonymous_0)","decl":{"start":{"line":4,"column":22},"end":{"line":4,"column":23}},"loc":{"start":{"line":4,"column":42},"end":{"line":11,"column":1}},"line":4}},"branchMap":{"0":{"loc":{"start":{"line":6,"column":2},"end":{"line":9,"column":3}},"type":"if","locations":[{"start":{"line":6,"column":2},"end":{"line":9,"column":3}},{"start":{},"end":{}}],"line":6}},"s":{"0":4,"1":4,"2":4,"3":1,"4":1,"5":0,"6":0,"7":1,"8":4},"f":{"0":1},"b":{"0":[0,1]},"_coverageSchema":"1a1c01bbd47fc00a2c39e90264f33305004495a9","hash":"b8c8d8875af78cdb2c4d3deb51d4a19044059975"}
,"/home/felipe/IFX Prueba/Back/src/controllers/subsidiaria.controller.js": {"path":"/home/felipe/IFX Prueba/Back/src/controllers/subsidiaria.controller.js","statementMap":{"0":{"start":{"line":1,"column":18},"end":{"line":1,"column":41}},"1":{"start":{"line":2,"column":19},"end":{"line":2,"column":21}},"2":{"start":{"line":4,"column":0},"end":{"line":14,"column":2}},"3":{"start":{"line":5,"column":23},"end":{"line":5,"column":81}},"4":{"start":{"line":6,"column":2},"end":{"line":12,"column":3}},"5":{"start":{"line":7,"column":4},"end":{"line":7,"column":70}},"6":{"start":{"line":8,"column":4},"end":{"line":8,"column":11}},"7":{"start":{"line":9,"column":9},"end":{"line":12,"column":3}},"8":{"start":{"line":10,"column":4},"end":{"line":10,"column":66}},"9":{"start":{"line":11,"column":4},"end":{"line":11,"column":11}},"10":{"start":{"line":13,"column":2},"end":{"line":13,"column":25}},"11":{"start":{"line":16,"column":0},"end":{"line":29,"column":2}},"12":{"start":{"line":17,"column":17},"end":{"line":17,"column":27}},"13":{"start":{"line":18,"column":22},"end":{"line":20,"column":3}},"14":{"start":{"line":21,"column":2},"end":{"line":27,"column":3}},"15":{"start":{"line":22,"column":4},"end":{"line":22,"column":69}},"16":{"start":{"line":23,"column":4},"end":{"line":23,"column":11}},"17":{"start":{"line":24,"column":9},"end":{"line":27,"column":3}},"18":{"start":{"line":25,"column":4},"end":{"line":25,"column":66}},"19":{"start":{"line":26,"column":4},"end":{"line":26,"column":11}},"20":{"start":{"line":28,"column":2},"end":{"line":28,"column":27}},"21":{"start":{"line":31,"column":0},"end":{"line":52,"column":2}},"22":{"start":{"line":32,"column":42},"end":{"line":32,"column":50}},"23":{"start":{"line":33,"column":2},"end":{"line":36,"column":3}},"24":{"start":{"line":34,"column":4},"end":{"line":34,"column":53}},"25":{"start":{"line":35,"column":4},"end":{"line":35,"column":11}},"26":{"start":{"line":37,"column":27},"end":{"line":37,"column":95}},"27":{"start":{"line":38,"column":2},"end":{"line":43,"column":3}},"28":{"start":{"line":39,"column":4},"end":{"line":41,"column":83}},"29":{"start":{"line":42,"column":4},"end":{"line":42,"column":11}},"30":{"start":{"line":44,"column":22},"end":{"line":46,"column":3}},"31":{"start":{"line":47,"column":2},"end":{"line":50,"column":3}},"32":{"start":{"line":48,"column":4},"end":{"line":48,"column":67}},"33":{"start":{"line":49,"column":4},"end":{"line":49,"column":11}},"34":{"start":{"line":51,"column":2},"end":{"line":51,"column":57}},"35":{"start":{"line":54,"column":0},"end":{"line":80,"column":2}},"36":{"start":{"line":55,"column":27},"end":{"line":57,"column":3}},"37":{"start":{"line":58,"column":2},"end":{"line":63,"column":3}},"38":{"start":{"line":59,"column":4},"end":{"line":61,"column":83}},"39":{"start":{"line":62,"column":4},"end":{"line":62,"column":11}},"40":{"start":{"line":64,"column":17},"end":{"line":64,"column":27}},"41":{"start":{"line":65,"column":22},"end":{"line":67,"column":3}},"42":{"start":{"line":68,"column":2},"end":{"line":78,"column":3}},"43":{"start":{"line":69,"column":4},"end":{"line":69,"column":35}},"44":{"start":{"line":70,"column":4},"end":{"line":73,"column":7}},"45":{"start":{"line":74,"column":4},"end":{"line":74,"column":11}},"46":{"start":{"line":75,"column":9},"end":{"line":78,"column":3}},"47":{"start":{"line":76,"column":4},"end":{"line":76,"column":66}},"48":{"start":{"line":77,"column":4},"end":{"line":77,"column":11}},"49":{"start":{"line":79,"column":2},"end":{"line":79,"column":48}},"50":{"start":{"line":82,"column":0},"end":{"line":113,"column":2}},"51":{"start":{"line":83,"column":17},"end":{"line":83,"column":27}},"52":{"start":{"line":84,"column":42},"end":{"line":84,"column":50}},"53":{"start":{"line":85,"column":2},"end":{"line":88,"column":3}},"54":{"start":{"line":86,"column":4},"end":{"line":86,"column":53}},"55":{"start":{"line":87,"column":4},"end":{"line":87,"column":11}},"56":{"start":{"line":89,"column":27},"end":{"line":91,"column":3}},"57":{"start":{"line":92,"column":2},"end":{"line":97,"column":3}},"58":{"start":{"line":93,"column":4},"end":{"line":95,"column":83}},"59":{"start":{"line":96,"column":4},"end":{"line":96,"column":11}},"60":{"start":{"line":98,"column":14},"end":{"line":98,"column":40}},"61":{"start":{"line":99,"column":2},"end":{"line":99,"column":48}},"62":{"start":{"line":99,"column":14},"end":{"line":99,"column":48}},"63":{"start":{"line":100,"column":2},"end":{"line":100,"column":57}},"64":{"start":{"line":100,"column":17},"end":{"line":100,"column":57}},"65":{"start":{"line":101,"column":2},"end":{"line":101,"column":54}},"66":{"start":{"line":101,"column":16},"end":{"line":101,"column":54}},"67":{"start":{"line":102,"column":2},"end":{"line":102,"column":29}},"68":{"start":{"line":103,"column":2},"end":{"line":103,"column":43}},"69":{"start":{"line":104,"column":22},"end":{"line":104,"column":57}},"70":{"start":{"line":105,"column":2},"end":{"line":111,"column":3}},"71":{"start":{"line":106,"column":4},"end":{"line":106,"column":72}},"72":{"start":{"line":107,"column":4},"end":{"line":107,"column":11}},"73":{"start":{"line":108,"column":9},"end":{"line":111,"column":3}},"74":{"start":{"line":109,"column":4},"end":{"line":109,"column":66}},"75":{"start":{"line":110,"column":4},"end":{"line":110,"column":11}},"76":{"start":{"line":112,"column":2},"end":{"line":112,"column":50}},"77":{"start":{"line":115,"column":0},"end":{"line":115,"column":28}}},"fnMap":{"0":{"name":"(anonymous_0)","decl":{"start":{"line":4,"column":29},"end":{"line":4,"column":30}},"loc":{"start":{"line":4,"column":49},"end":{"line":14,"column":1}},"line":4},"1":{"name":"(anonymous_1)","decl":{"start":{"line":16,"column":28},"end":{"line":16,"column":29}},"loc":{"start":{"line":16,"column":48},"end":{"line":29,"column":1}},"line":16},"2":{"name":"(anonymous_2)","decl":{"start":{"line":31,"column":31},"end":{"line":31,"column":32}},"loc":{"start":{"line":31,"column":51},"end":{"line":52,"column":1}},"line":31},"3":{"name":"(anonymous_3)","decl":{"start":{"line":54,"column":31},"end":{"line":54,"column":32}},"loc":{"start":{"line":54,"column":51},"end":{"line":80,"column":1}},"line":54},"4":{"name":"(anonymous_4)","decl":{"start":{"line":82,"column":31},"end":{"line":82,"column":32}},"loc":{"start":{"line":82,"column":51},"end":{"line":113,"column":1}},"line":82}},"branchMap":{"0":{"loc":{"start":{"line":6,"column":2},"end":{"line":12,"column":3}},"type":"if","locations":[{"start":{"line":6,"column":2},"end":{"line":12,"column":3}},{"start":{"line":9,"column":9},"end":{"line":12,"column":3}}],"line":6},"1":{"loc":{"start":{"line":9,"column":9},"end":{"line":12,"column":3}},"type":"if","locations":[{"start":{"line":9,"column":9},"end":{"line":12,"column":3}},{"start":{},"end":{}}],"line":9},"2":{"loc":{"start":{"line":21,"column":2},"end":{"line":27,"column":3}},"type":"if","locations":[{"start":{"line":21,"column":2},"end":{"line":27,"column":3}},{"start":{"line":24,"column":9},"end":{"line":27,"column":3}}],"line":21},"3":{"loc":{"start":{"line":24,"column":9},"end":{"line":27,"column":3}},"type":"if","locations":[{"start":{"line":24,"column":9},"end":{"line":27,"column":3}},{"start":{},"end":{}}],"line":24},"4":{"loc":{"start":{"line":33,"column":2},"end":{"line":36,"column":3}},"type":"if","locations":[{"start":{"line":33,"column":2},"end":{"line":36,"column":3}},{"start":{},"end":{}}],"line":33},"5":{"loc":{"start":{"line":33,"column":6},"end":{"line":33,"column":40}},"type":"binary-expr","locations":[{"start":{"line":33,"column":6},"end":{"line":33,"column":13}},{"start":{"line":33,"column":17},"end":{"line":33,"column":27}},{"start":{"line":33,"column":31},"end":{"line":33,"column":40}}],"line":33},"6":{"loc":{"start":{"line":38,"column":2},"end":{"line":43,"column":3}},"type":"if","locations":[{"start":{"line":38,"column":2},"end":{"line":43,"column":3}},{"start":{},"end":{}}],"line":38},"7":{"loc":{"start":{"line":47,"column":2},"end":{"line":50,"column":3}},"type":"if","locations":[{"start":{"line":47,"column":2},"end":{"line":50,"column":3}},{"start":{},"end":{}}],"line":47},"8":{"loc":{"start":{"line":56,"column":4},"end":{"line":56,"column":50}},"type":"binary-expr","locations":[{"start":{"line":56,"column":4},"end":{"line":56,"column":44}},{"start":{"line":56,"column":48},"end":{"line":56,"column":50}}],"line":56},"9":{"loc":{"start":{"line":58,"column":2},"end":{"line":63,"column":3}},"type":"if","locations":[{"start":{"line":58,"column":2},"end":{"line":63,"column":3}},{"start":{},"end":{}}],"line":58},"10":{"loc":{"start":{"line":68,"column":2},"end":{"line":78,"column":3}},"type":"if","locations":[{"start":{"line":68,"column":2},"end":{"line":78,"column":3}},{"start":{"line":75,"column":9},"end":{"line":78,"column":3}}],"line":68},"11":{"loc":{"start":{"line":75,"column":9},"end":{"line":78,"column":3}},"type":"if","locations":[{"start":{"line":75,"column":9},"end":{"line":78,"column":3}},{"start":{},"end":{}}],"line":75},"12":{"loc":{"start":{"line":85,"column":2},"end":{"line":88,"column":3}},"type":"if","locations":[{"start":{"line":85,"column":2},"end":{"line":88,"column":3}},{"start":{},"end":{}}],"line":85},"13":{"loc":{"start":{"line":85,"column":6},"end":{"line":85,"column":40}},"type":"binary-expr","locations":[{"start":{"line":85,"column":6},"end":{"line":85,"column":13}},{"start":{"line":85,"column":17},"end":{"line":85,"column":27}},{"start":{"line":85,"column":31},"end":{"line":85,"column":40}}],"line":85},"14":{"loc":{"start":{"line":90,"column":4},"end":{"line":90,"column":50}},"type":"binary-expr","locations":[{"start":{"line":90,"column":4},"end":{"line":90,"column":44}},{"start":{"line":90,"column":48},"end":{"line":90,"column":50}}],"line":90},"15":{"loc":{"start":{"line":92,"column":2},"end":{"line":97,"column":3}},"type":"if","locations":[{"start":{"line":92,"column":2},"end":{"line":97,"column":3}},{"start":{},"end":{}}],"line":92},"16":{"loc":{"start":{"line":99,"column":2},"end":{"line":99,"column":48}},"type":"if","locations":[{"start":{"line":99,"column":2},"end":{"line":99,"column":48}},{"start":{},"end":{}}],"line":99},"17":{"loc":{"start":{"line":100,"column":2},"end":{"line":100,"column":57}},"type":"if","locations":[{"start":{"line":100,"column":2},"end":{"line":100,"column":57}},{"start":{},"end":{}}],"line":100},"18":{"loc":{"start":{"line":101,"column":2},"end":{"line":101,"column":54}},"type":"if","locations":[{"start":{"line":101,"column":2},"end":{"line":101,"column":54}},{"start":{},"end":{}}],"line":101},"19":{"loc":{"start":{"line":105,"column":2},"end":{"line":111,"column":3}},"type":"if","locations":[{"start":{"line":105,"column":2},"end":{"line":111,"column":3}},{"start":{"line":108,"column":9},"end":{"line":111,"column":3}}],"line":105},"20":{"loc":{"start":{"line":108,"column":9},"end":{"line":111,"column":3}},"type":"if","locations":[{"start":{"line":108,"column":9},"end":{"line":111,"column":3}},{"start":{},"end":{}}],"line":108}},"s":{"0":4,"1":4,"2":4,"3":1,"4":1,"5":0,"6":0,"7":1,"8":0,"9":0,"10":1,"11":4,"12":2,"13":2,"14":2,"15":0,"16":0,"17":2,"18":1,"19":1,"20":1,"21":4,"22":4,"23":4,"24":1,"25":1,"26":3,"27":3,"28":2,"29":2,"30":1,"31":1,"32":0,"33":0,"34":1,"35":4,"36":2,"37":2,"38":0,"39":0,"40":2,"41":2,"42":2,"43":0,"44":0,"45":0,"46":2,"47":1,"48":1,"49":1,"50":4,"51":2,"52":2,"53":2,"54":0,"55":0,"56":2,"57":2,"58":0,"59":0,"60":2,"61":2,"62":2,"63":2,"64":2,"65":2,"66":2,"67":2,"68":2,"69":2,"70":2,"71":0,"72":0,"73":2,"74":1,"75":1,"76":1,"77":4},"f":{"0":1,"1":2,"2":4,"3":2,"4":2},"b":{"0":[0,1],"1":[0,1],"2":[0,2],"3":[1,1],"4":[1,3],"5":[4,3,3],"6":[2,1],"7":[0,1],"8":[2,0],"9":[0,2],"10":[0,2],"11":[1,1],"12":[0,2],"13":[2,0,0],"14":[2,0],"15":[0,2],"16":[2,0],"17":[2,0],"18":[2,0],"19":[0,2],"20":[1,1]},"_coverageSchema":"1a1c01bbd47fc00a2c39e90264f33305004495a9","hash":"adc4bb67af7b45c09ac21ba99160448752bddf79"}
,"/home/felipe/IFX Prueba/Back/src/routes/auth.routes.js": {"path":"/home/felipe/IFX Prueba/Back/src/routes/auth.routes.js","statementMap":{"0":{"start":{"line":1,"column":16},"end":{"line":1,"column":34}},"1":{"start":{"line":2,"column":15},"end":{"line":2,"column":31}},"2":{"start":{"line":3,"column":23},"end":{"line":3,"column":64}},"3":{"start":{"line":66,"column":0},"end":{"line":66,"column":44}},"4":{"start":{"line":68,"column":0},"end":{"line":68,"column":24}}},"fnMap":{},"branchMap":{},"s":{"0":4,"1":4,"2":4,"3":4,"4":4},"f":{},"b":{},"_coverageSchema":"1a1c01bbd47fc00a2c39e90264f33305004495a9","hash":"59d3d2249e70e4520c801a697834bd06a57b854e"}
,"/home/felipe/IFX Prueba/Back/src/routes/empleado.routes.js": {"path":"/home/felipe/IFX Prueba/Back/src/routes/empleado.routes.js","statementMap":{"0":{"start":{"line":1,"column":16},"end":{"line":1,"column":34}},"1":{"start":{"line":2,"column":15},"end":{"line":2,"column":31}},"2":{"start":{"line":3,"column":27},"end":{"line":3,"column":72}},"3":{"start":{"line":112,"column":0},"end":{"line":112,"column":49}},"4":{"start":{"line":156,"column":0},"end":{"line":156,"column":51}},"5":{"start":{"line":259,"column":0},"end":{"line":259,"column":52}},"6":{"start":{"line":353,"column":0},"end":{"line":353,"column":57}},"7":{"start":{"line":463,"column":0},"end":{"line":463,"column":54}},"8":{"start":{"line":465,"column":0},"end":{"line":465,"column":24}}},"fnMap":{},"branchMap":{},"s":{"0":4,"1":4,"2":4,"3":4,"4":4,"5":4,"6":4,"7":4,"8":4},"f":{},"b":{},"_coverageSchema":"1a1c01bbd47fc00a2c39e90264f33305004495a9","hash":"8244273d0a27c95f87438966a396eeee0526cec1"}
,"/home/felipe/IFX Prueba/Back/src/routes/rol.routes.js": {"path":"/home/felipe/IFX Prueba/Back/src/routes/rol.routes.js","statementMap":{"0":{"start":{"line":1,"column":16},"end":{"line":1,"column":34}},"1":{"start":{"line":2,"column":15},"end":{"line":2,"column":31}},"2":{"start":{"line":3,"column":19},"end":{"line":3,"column":59}},"3":{"start":{"line":49,"column":0},"end":{"line":49,"column":37}},"4":{"start":{"line":51,"column":0},"end":{"line":51,"column":24}}},"fnMap":{},"branchMap":{},"s":{"0":4,"1":4,"2":4,"3":4,"4":4},"f":{},"b":{},"_coverageSchema":"1a1c01bbd47fc00a2c39e90264f33305004495a9","hash":"a449209819b161ab5d3f49ec39eb98a476a567f3"}
,"/home/felipe/IFX Prueba/Back/src/routes/subsidiaria.routes.js": {"path":"/home/felipe/IFX Prueba/Back/src/routes/subsidiaria.routes.js","statementMap":{"0":{"start":{"line":1,"column":16},"end":{"line":1,"column":34}},"1":{"start":{"line":2,"column":15},"end":{"line":2,"column":31}},"2":{"start":{"line":3,"column":30},"end":{"line":3,"column":78}},"3":{"start":{"line":77,"column":0},"end":{"line":77,"column":55}},"4":{"start":{"line":121,"column":0},"end":{"line":121,"column":57}},"5":{"start":{"line":214,"column":0},"end":{"line":214,"column":58}},"6":{"start":{"line":317,"column":0},"end":{"line":317,"column":63}},"7":{"start":{"line":427,"column":0},"end":{"line":427,"column":60}},"8":{"start":{"line":429,"column":0},"end":{"line":429,"column":24}}},"fnMap":{},"branchMap":{},"s":{"0":4,"1":4,"2":4,"3":4,"4":4,"5":4,"6":4,"7":4,"8":4},"f":{},"b":{},"_coverageSchema":"1a1c01bbd47fc00a2c39e90264f33305004495a9","hash":"9012f212de14ca20d3fde4876b9e3e8ae33c846e"}
}
