TN:
SF:src/app.js
FNF:0
FNH:0
DA:1,4
DA:3,4
DA:4,4
DA:5,4
DA:6,4
DA:7,4
DA:9,4
DA:10,4
DA:11,4
DA:13,4
DA:14,4
DA:15,4
DA:16,4
DA:18,4
DA:19,4
DA:20,4
DA:21,4
DA:23,4
LF:18
LH:18
BRF:0
BRH:0
end_of_record
TN:
SF:src/swagger.js
FN:27,(anonymous_0)
FN:29,(anonymous_1)
FNF:2
FNH:0
FNDA:0,(anonymous_0)
FNDA:0,(anonymous_1)
DA:1,4
DA:2,4
DA:4,4
DA:25,4
DA:27,4
DA:28,0
DA:29,0
DA:30,0
DA:31,0
DA:34,0
DA:37,4
LF:11
LH:6
BRF:0
BRH:0
end_of_record
TN:
SF:src/utilities.js
FN:16,(anonymous_0)
FN:26,(anonymous_1)
FN:45,(anonymous_2)
FN:60,(anonymous_3)
FNF:4
FNH:3
FNDA:25,(anonymous_0)
FNDA:0,(anonymous_1)
FNDA:1,(anonymous_2)
FNDA:17,(anonymous_3)
DA:1,4
DA:2,4
DA:3,4
DA:4,4
DA:16,4
DA:17,25
DA:18,25
DA:19,25
DA:20,25
DA:22,0
DA:26,4
DA:28,0
DA:29,0
DA:30,0
DA:31,0
DA:32,0
DA:33,0
DA:35,0
DA:36,0
DA:38,0
DA:39,0
DA:41,0
DA:45,4
DA:46,1
DA:57,1
DA:60,4
DA:61,17
DA:62,17
DA:63,14
DA:64,4
DA:72,10
DA:74,3
DA:78,4
LF:33
LH:21
BRDA:20,0,0,25
BRDA:20,0,1,9
BRDA:63,1,0,4
BRDA:63,1,1,10
BRF:4
BRH:4
end_of_record
TN:
SF:src/controllers/auth.controller.js
FN:4,(anonymous_0)
FNF:1
FNH:1
FNDA:3,(anonymous_0)
DA:1,4
DA:2,4
DA:4,4
DA:5,3
DA:6,3
DA:9,3
DA:10,0
DA:11,0
DA:12,3
DA:13,2
DA:14,2
DA:16,1
DA:17,1
DA:20,4
LF:14
LH:12
BRDA:9,0,0,0
BRDA:9,0,1,3
BRDA:12,1,0,2
BRDA:12,1,1,1
BRF:4
BRH:3
end_of_record
TN:
SF:src/controllers/empleado.controller.js
FN:4,(anonymous_0)
FN:23,(anonymous_1)
FN:25,(anonymous_2)
FN:28,(anonymous_3)
FN:34,(anonymous_4)
FN:61,(anonymous_5)
FN:101,(anonymous_6)
FN:123,(anonymous_7)
FNF:8
FNH:8
FNDA:1,(anonymous_0)
FNDA:6,(anonymous_1)
FNDA:9,(anonymous_2)
FNDA:9,(anonymous_3)
FNDA:2,(anonymous_4)
FNDA:7,(anonymous_5)
FNDA:3,(anonymous_6)
FNDA:3,(anonymous_7)
DA:1,4
DA:2,4
DA:4,4
DA:5,1
DA:6,1
DA:7,0
DA:8,0
DA:10,1
DA:11,1
DA:12,0
DA:13,0
DA:15,1
DA:16,1
DA:17,0
DA:18,0
DA:19,1
DA:20,0
DA:21,0
DA:23,1
DA:24,6
DA:25,9
DA:27,6
DA:28,9
DA:29,6
DA:31,1
DA:34,4
DA:35,2
DA:36,2
DA:39,2
DA:40,0
DA:41,0
DA:42,2
DA:43,1
DA:44,1
DA:46,1
DA:49,1
DA:50,0
DA:51,0
DA:53,1
DA:54,1
DA:55,1
DA:56,1
DA:57,1
DA:58,1
DA:61,4
DA:62,7
DA:63,7
DA:64,2
DA:65,2
DA:67,5
DA:70,5
DA:71,3
DA:72,3
DA:75,3
DA:77,2
DA:80,2
DA:81,0
DA:82,0
DA:83,0
DA:84,2
DA:85,1
DA:87,1
DA:88,1
DA:90,1
DA:93,1
DA:94,0
DA:95,0
DA:96,0
DA:98,1
DA:101,4
DA:102,3
DA:105,3
DA:106,1
DA:109,1
DA:111,2
DA:112,2
DA:113,2
DA:114,0
DA:115,0
DA:116,2
DA:117,1
DA:118,1
DA:120,1
DA:123,4
DA:124,3
DA:125,3
DA:126,3
DA:127,1
DA:128,1
DA:130,2
DA:133,2
DA:134,1
DA:137,1
DA:139,1
DA:140,1
DA:141,1
DA:142,1
DA:143,1
DA:144,1
DA:145,1
DA:146,1
DA:147,1
DA:148,1
DA:149,1
DA:150,0
DA:151,0
DA:152,1
DA:153,0
DA:154,0
DA:156,1
DA:159,4
LF:111
LH:87
BRDA:6,0,0,0
BRDA:6,0,1,1
BRDA:11,1,0,0
BRDA:11,1,1,1
BRDA:16,2,0,0
BRDA:16,2,1,1
BRDA:19,3,0,0
BRDA:19,3,1,1
BRDA:39,4,0,0
BRDA:39,4,1,2
BRDA:42,5,0,1
BRDA:42,5,1,1
BRDA:49,6,0,0
BRDA:49,6,1,1
BRDA:63,7,0,2
BRDA:63,7,1,5
BRDA:63,8,0,7
BRDA:63,8,1,6
BRDA:63,8,2,6
BRDA:63,8,3,6
BRDA:63,8,4,6
BRDA:63,8,5,6
BRDA:68,9,0,5
BRDA:68,9,1,1
BRDA:70,10,0,3
BRDA:70,10,1,2
BRDA:80,11,0,0
BRDA:80,11,1,2
BRDA:84,12,0,1
BRDA:84,12,1,1
BRDA:93,13,0,0
BRDA:93,13,1,1
BRDA:103,14,0,3
BRDA:103,14,1,0
BRDA:105,15,0,1
BRDA:105,15,1,2
BRDA:113,16,0,0
BRDA:113,16,1,2
BRDA:116,17,0,1
BRDA:116,17,1,1
BRDA:126,18,0,1
BRDA:126,18,1,2
BRDA:126,19,0,3
BRDA:126,19,1,1
BRDA:126,19,2,1
BRDA:126,19,3,1
BRDA:126,19,4,1
BRDA:126,19,5,1
BRDA:131,20,0,2
BRDA:131,20,1,0
BRDA:133,21,0,1
BRDA:133,21,1,1
BRDA:140,22,0,1
BRDA:140,22,1,0
BRDA:141,23,0,1
BRDA:141,23,1,0
BRDA:142,24,0,1
BRDA:142,24,1,0
BRDA:143,25,0,0
BRDA:143,25,1,1
BRDA:144,26,0,1
BRDA:144,26,1,0
BRDA:145,27,0,1
BRDA:145,27,1,0
BRDA:149,28,0,0
BRDA:149,28,1,1
BRDA:152,29,0,0
BRDA:152,29,1,1
BRF:68
BRH:49
end_of_record
TN:
SF:src/controllers/rol.controller.js
FN:4,(anonymous_0)
FNF:1
FNH:1
FNDA:1,(anonymous_0)
DA:1,4
DA:2,4
DA:4,4
DA:5,1
DA:6,1
DA:7,0
DA:8,0
DA:10,1
DA:13,4
LF:9
LH:7
BRDA:6,0,0,0
BRDA:6,0,1,1
BRF:2
BRH:1
end_of_record
TN:
SF:src/controllers/subsidiaria.controller.js
FN:4,(anonymous_0)
FN:16,(anonymous_1)
FN:31,(anonymous_2)
FN:54,(anonymous_3)
FN:82,(anonymous_4)
FNF:5
FNH:5
FNDA:1,(anonymous_0)
FNDA:2,(anonymous_1)
FNDA:4,(anonymous_2)
FNDA:2,(anonymous_3)
FNDA:2,(anonymous_4)
DA:1,4
DA:2,4
DA:4,4
DA:5,1
DA:6,1
DA:7,0
DA:8,0
DA:9,1
DA:10,0
DA:11,0
DA:13,1
DA:16,4
DA:17,2
DA:18,2
DA:21,2
DA:22,0
DA:23,0
DA:24,2
DA:25,1
DA:26,1
DA:28,1
DA:31,4
DA:32,4
DA:33,4
DA:34,1
DA:35,1
DA:37,3
DA:38,3
DA:39,2
DA:42,2
DA:44,1
DA:47,1
DA:48,0
DA:49,0
DA:51,1
DA:54,4
DA:55,2
DA:58,2
DA:59,0
DA:62,0
DA:64,2
DA:65,2
DA:68,2
DA:69,0
DA:70,0
DA:74,0
DA:75,2
DA:76,1
DA:77,1
DA:79,1
DA:82,4
DA:83,2
DA:84,2
DA:85,2
DA:86,0
DA:87,0
DA:89,2
DA:92,2
DA:93,0
DA:96,0
DA:98,2
DA:99,2
DA:100,2
DA:101,2
DA:102,2
DA:103,2
DA:104,2
DA:105,2
DA:106,0
DA:107,0
DA:108,2
DA:109,1
DA:110,1
DA:112,1
DA:115,4
LF:75
LH:56
BRDA:6,0,0,0
BRDA:6,0,1,1
BRDA:9,1,0,0
BRDA:9,1,1,1
BRDA:21,2,0,0
BRDA:21,2,1,2
BRDA:24,3,0,1
BRDA:24,3,1,1
BRDA:33,4,0,1
BRDA:33,4,1,3
BRDA:33,5,0,4
BRDA:33,5,1,3
BRDA:33,5,2,3
BRDA:38,6,0,2
BRDA:38,6,1,1
BRDA:47,7,0,0
BRDA:47,7,1,1
BRDA:56,8,0,2
BRDA:56,8,1,0
BRDA:58,9,0,0
BRDA:58,9,1,2
BRDA:68,10,0,0
BRDA:68,10,1,2
BRDA:75,11,0,1
BRDA:75,11,1,1
BRDA:85,12,0,0
BRDA:85,12,1,2
BRDA:85,13,0,2
BRDA:85,13,1,0
BRDA:85,13,2,0
BRDA:90,14,0,2
BRDA:90,14,1,0
BRDA:92,15,0,0
BRDA:92,15,1,2
BRDA:99,16,0,2
BRDA:99,16,1,0
BRDA:100,17,0,2
BRDA:100,17,1,0
BRDA:101,18,0,2
BRDA:101,18,1,0
BRDA:105,19,0,0
BRDA:105,19,1,2
BRDA:108,20,0,1
BRDA:108,20,1,1
BRF:44
BRH:28
end_of_record
TN:
SF:src/routes/auth.routes.js
FNF:0
FNH:0
DA:1,4
DA:2,4
DA:3,4
DA:66,4
DA:68,4
LF:5
LH:5
BRF:0
BRH:0
end_of_record
TN:
SF:src/routes/empleado.routes.js
FNF:0
FNH:0
DA:1,4
DA:2,4
DA:3,4
DA:112,4
DA:156,4
DA:259,4
DA:353,4
DA:463,4
DA:465,4
LF:9
LH:9
BRF:0
BRH:0
end_of_record
TN:
SF:src/routes/rol.routes.js
FNF:0
FNH:0
DA:1,4
DA:2,4
DA:3,4
DA:49,4
DA:51,4
LF:5
LH:5
BRF:0
BRH:0
end_of_record
TN:
SF:src/routes/subsidiaria.routes.js
FNF:0
FNH:0
DA:1,4
DA:2,4
DA:3,4
DA:77,4
DA:121,4
DA:214,4
DA:317,4
DA:427,4
DA:429,4
LF:9
LH:9
BRF:0
BRH:0
end_of_record
